<?xml version="1.0" encoding="UTF-8"?>
<!-- Generated by org.testng.reporters.JUnitReportReporter -->
<testsuite hostname="niamh-laptop" failures="0" tests="4" name="TestDirectory" time="0.012" errors="0" timestamp="2023-01-24T17:15:10 SAST" skipped="0">
  <testcase classname="TestDirectory" name="testDirectoryConstructor" time="0.002"/>
  <system-out/>
  <testcase classname="TestDirectory" name="testSize" time="0.000"/>
  <system-out/>
  <testcase classname="TestDirectory" name="testGetFiles" time="0.000"/>
  <system-out/>
  <testcase classname="TestDirectory" name="testAddFile" time="0.010"/>
  <system-out/>
</testsuite> <!-- TestDirectory -->
